
From: whistle
Date: 2018-6-9 21:52:59
TypeError: Cannot read property 'emit' of null
    at Socket.socketCloseListener (_http_client.js:350:7)
    at emitOne (events.js:116:13)
    at Socket.emit (events.js:211:7)
    at TCP._handle.close [as _onclose] (net.js:557:12)

From: whistle
Date: 2018-6-13 11:37:31
TypeError: Cannot read property 'emit' of null
    at Socket.socketCloseListener (_http_client.js:350:7)
    at emitOne (events.js:116:13)
    at Socket.emit (events.js:211:7)
    at TCP._handle.close [as _onclose] (net.js:557:12)

From: whistle
Date: 2018-6-17 12:03:46
TypeError: Cannot read property 'emit' of null
    at Socket.socketCloseListener (_http_client.js:350:7)
    at emitOne (events.js:116:13)
    at Socket.emit (events.js:211:7)
    at TCP._handle.close [as _onclose] (net.js:557:12)

From: whistle
Date: 2018-6-22 21:15:32
TypeError: Cannot read property 'emit' of null
    at Socket.socketCloseListener (_http_client.js:350:7)
    at emitOne (events.js:116:13)
    at Socket.emit (events.js:211:7)
    at TCP._handle.close [as _onclose] (net.js:557:12)

From: whistle
Date: 2018-6-27 09:08:09
TypeError: Cannot read property 'emit' of null
    at Socket.socketCloseListener (_http_client.js:350:7)
    at emitOne (events.js:116:13)
    at Socket.emit (events.js:211:7)
    at TCP._handle.close [as _onclose] (net.js:557:12)

From: whistle
Date: 2018-7-4 08:15:28
TypeError: Cannot read property 'emit' of null
    at Socket.socketCloseListener (_http_client.js:350:7)
    at emitOne (events.js:116:13)
    at Socket.emit (events.js:211:7)
    at TCP._handle.close [as _onclose] (net.js:557:12)

From: whistle
Date: 2018-7-4 22:32:40
TypeError: Cannot read property 'emit' of null
    at Socket.socketCloseListener (_http_client.js:350:7)
    at emitOne (events.js:116:13)
    at Socket.emit (events.js:211:7)
    at TCP._handle.close [as _onclose] (net.js:557:12)
